Dump from Source/main.cpp:6
Error type: EMPTY_SOURCE

--------------------------------------------------------------------------------
Dump from Source/stack.cpp:80
Error type: SimpleDump
[T][e][a][2][t][a][l][e]
* [1]
* [2]
* [3]
* [4]
* [5]
* [6]
* [7]
  [NONE] 
  [NONE] 
  [NONE] 
  [NONE] 
  [NONE] 
  [NONE] 
  [NONE] 
  [NONE] 
  [NONE] 
  [NONE] 
  [NONE] 
[T][e][a][2][t][a][l][e]

--------------------------------------------------------------------------------
Dump from Source/stack.cpp:80
Error type: SimpleDump
[T][e][a][2][t][a][l][e]
* [1]
* [2]
* [3]
* [4]
* [5]
* [6]
* [7]
* [8]
* [9]
* [10]
* [11]
* [12]
* [13]
* [14]
* [15]
  [NONE] 
  [NONE] 
  [NONE] 
  [NONE] 
  [NONE] 
  [NONE] 
  [NONE] 
  [NONE] 
  [NONE] 
  [NONE] 
  [NONE] 
  [NONE] 
  [NONE] 
  [NONE] 
  [NONE] 
  [NONE] 
  [NONE] 
  [NONE] 
  [NONE] 
[T][e][a][2][t][a][l][e]

--------------------------------------------------------------------------------
Dump from Source/stack.cpp:80
Error type: SimpleDump
[T][e][a][2][t][a][l][e]
* [1]
* [2]
* [3]
* [4]
* [5]
* [6]
* [7]
* [8]
* [9]
* [10]
* [11]
* [12]
* [13]
* [14]
* [15]
* [16]
* [17]
* [18]
* [19]
* [20]
* [21]
* [22]
* [23]
* [24]
* [25]
* [26]
* [27]
* [28]
* [29]
* [30]
* [31]
  [NONE] 
  [NONE] 
  [NONE] 
  [NONE] 
  [NONE] 
  [NONE] 
  [NONE] 
  [NONE] 
  [NONE] 
  [NONE] 
  [NONE] 
  [NONE] 
  [NONE] 
  [NONE] 
  [NONE] 
  [NONE] 
  [NONE] 
  [NONE] 
  [NONE] 
  [NONE] 
  [NONE] 
  [NONE] 
  [NONE] 
  [NONE] 
  [NONE] 
  [NONE] 
  [NONE] 
  [NONE] 
  [NONE] 
  [NONE] 
  [NONE] 
  [NONE] 
  [NONE] 
  [NONE] 
  [NONE] 
[T][e][a][2][t][a][l][e]

--------------------------------------------------------------------------------
Dump from Source/stack.cpp:80
Error type: SimpleDump
[T][e][a][2][t][a][l][e]
* [1]
* [2]
* [3]
* [4]
* [5]
* [6]
* [7]
* [8]
* [9]
* [10]
* [11]
* [12]
* [13]
* [14]
* [15]
* [16]
* [17]
* [18]
* [19]
* [20]
* [21]
* [22]
* [23]
* [24]
* [25]
* [26]
* [27]
* [28]
* [29]
* [30]
* [31]
* [32]
* [33]
* [34]
* [35]
* [36]
* [37]
* [38]
* [39]
* [40]
* [41]
* [42]
* [43]
* [44]
* [45]
* [46]
* [47]
* [48]
* [49]
* [50]
* [51]
* [52]
* [53]
* [54]
* [55]
* [56]
* [57]
* [58]
* [59]
* [60]
* [61]
* [62]
* [63]
  [NONE] 
  [NONE] 
  [NONE] 
  [NONE] 
  [NONE] 
  [NONE] 
  [NONE] 
  [NONE] 
  [NONE] 
  [NONE] 
  [NONE] 
  [NONE] 
  [NONE] 
  [NONE] 
  [NONE] 
  [NONE] 
  [NONE] 
  [NONE] 
  [NONE] 
  [NONE] 
  [NONE] 
  [NONE] 
  [NONE] 
  [NONE] 
  [NONE] 
  [NONE] 
  [NONE] 
  [NONE] 
  [NONE] 
  [NONE] 
  [NONE] 
  [NONE] 
  [NONE] 
  [NONE] 
  [NONE] 
  [NONE] 
  [NONE] 
  [NONE] 
  [NONE] 
  [NONE] 
  [NONE] 
  [NONE] 
  [NONE] 
  [NONE] 
  [NONE] 
  [NONE] 
  [NONE] 
  [NONE] 
  [NONE] 
  [NONE] 
  [NONE] 
  [NONE] 
  [NONE] 
  [NONE] 
  [NONE] 
  [NONE] 
  [NONE] 
  [NONE] 
  [NONE] 
  [NONE] 
  [NONE] 
  [NONE] 
  [NONE] 
  [NONE] 
  [NONE] 
  [NONE] 
  [NONE] 
[T][e][a][2][t][a][l][e]

--------------------------------------------------------------------------------
Dump from Source/main.cpp:11
Error type: SimpleDump
[T][e][a][2][t][a][l][e]
* [1]
* [2]
* [3]
* [4]
* [5]
* [6]
* [7]
* [8]
* [9]
* [10]
* [11]
* [12]
* [13]
* [14]
* [15]
* [16]
* [17]
* [18]
* [19]
* [20]
* [21]
* [22]
* [23]
* [24]
* [25]
* [26]
* [27]
* [28]
* [29]
* [30]
* [31]
* [32]
* [33]
* [34]
* [35]
* [36]
* [37]
* [38]
* [39]
* [40]
* [41]
* [42]
* [43]
* [44]
* [45]
* [46]
* [47]
* [48]
* [49]
* [50]
* [51]
* [52]
* [53]
* [54]
* [55]
* [56]
* [57]
* [58]
* [59]
* [60]
* [61]
* [62]
* [63]
* [64]
* [65]
* [66]
* [67]
* [68]
* [69]
* [70]
* [71]
* [72]
* [73]
* [74]
* [75]
* [76]
* [77]
* [78]
* [79]
* [80]
* [81]
* [82]
* [83]
* [84]
* [85]
* [86]
* [87]
* [88]
* [89]
* [90]
* [91]
* [92]
* [93]
* [94]
* [95]
* [96]
* [97]
* [98]
* [99]
* [100]
* [101]
* [102]
* [103]
* [104]
* [105]
* [106]
* [107]
* [108]
* [109]
* [110]
* [111]
* [112]
* [113]
* [114]
* [115]
  [NONE] 
  [NONE] 
  [NONE] 
  [NONE] 
  [NONE] 
  [NONE] 
  [NONE] 
  [NONE] 
  [NONE] 
  [NONE] 
  [NONE] 
  [NONE] 
  [NONE] 
  [NONE] 
  [NONE] 
[T][e][a][2][t][a][l][e]

--------------------------------------------------------------------------------
Dump from Source/stack.cpp:80
Error type: SimpleDump
[T][e][a][2][t][a][l][e]
* [1]
* [2]
* [3]
* [4]
* [5]
* [6]
* [7]
* [8]
* [9]
* [10]
* [11]
* [12]
* [13]
* [14]
* [15]
* [16]
* [17]
* [18]
* [19]
* [20]
* [21]
* [22]
* [23]
* [24]
* [25]
* [26]
* [27]
* [28]
* [29]
* [30]
* [31]
* [32]
  [NONE] 
  [NONE] 
  [NONE] 
  [NONE] 
  [NONE] 
  [NONE] 
  [NONE] 
  [NONE] 
  [NONE] 
  [NONE] 
  [NONE] 
  [NONE] 
  [NONE] 
  [NONE] 
  [NONE] 
  [NONE] 
  [NONE] 
  [NONE] 
  [NONE] 
  [NONE] 
  [NONE] 
  [NONE] 
  [NONE] 
  [NONE] 
  [NONE] 
  [NONE] 
  [NONE] 
  [NONE] 
  [NONE] 
  [NONE] 
  [NONE] 
  [NONE] 
  [NONE] 
  [NONE] 
[T][e][a][2][t][a][l][e]

--------------------------------------------------------------------------------
Dump from Source/stack.cpp:80
Error type: SimpleDump
[T][e][a][2][t][a][l][e]
* [1]
* [2]
* [3]
* [4]
* [5]
* [6]
* [7]
* [8]
* [9]
* [10]
* [11]
* [12]
* [13]
* [14]
* [15]
* [16]
  [NONE] 
  [NONE] 
  [NONE] 
  [NONE] 
  [NONE] 
  [NONE] 
  [NONE] 
  [NONE] 
  [NONE] 
  [NONE] 
  [NONE] 
  [NONE] 
  [NONE] 
  [NONE] 
  [NONE] 
  [NONE] 
  [NONE] 
  [NONE] 
[T][e][a][2][t][a][l][e]

--------------------------------------------------------------------------------
